time:2025-04-24 16:19:47.543	severity:INFO 	span:[,,]	pid: 	thread:[           main]	class:HotelappApplicationTests                	host:localhost	message:Starting HotelappApplicationTests using Java 17.0.2 with PID 19952 (started by 207554 in C:\Users\207554\Downloads\hotelmanagement\hotelapp)
time:2025-04-24 16:19:47.602	severity:INFO 	span:[,,]	pid: 	thread:[           main]	class:HotelappApplicationTests                	host:localhost	message:No active profile set, falling back to 1 default profile: "default"
time:2025-04-24 16:19:53.071	severity:INFO 	span:[,,]	pid: 	thread:[           main]	class:HikariDataSource                        	host:localhost	message:HikariPool-1 - Starting...
time:2025-04-24 16:19:53.475	severity:INFO 	span:[,,]	pid: 	thread:[           main]	class:HikariPool                              	host:localhost	message:HikariPool-1 - Added connection org.postgresql.jdbc.PgConnection@2adc1e84
time:2025-04-24 16:19:53.482	severity:INFO 	span:[,,]	pid: 	thread:[           main]	class:HikariDataSource                        	host:localhost	message:HikariPool-1 - Start completed.
time:2025-04-24 16:19:53.534	severity:WARN 	span:[,,]	pid: 	thread:[           main]	class:deprecation                             	host:localhost	message:HHH90000025: PostgreSQLDialect does not need to be specified explicitly using 'hibernate.dialect' (remove the property setting and it will be selected by default)
time:2025-04-24 16:19:55.683	severity:WARN 	span:[,,]	pid: 	thread:[           main]	class:JpaBaseConfiguration$JpaWebConfiguration	host:localhost	message:spring.jpa.open-in-view is enabled by default. Therefore, database queries may be performed during view rendering. Explicitly configure spring.jpa.open-in-view to disable this warning
time:2025-04-24 16:19:58.665	severity:INFO 	span:[,,]	pid: 	thread:[           main]	class:HotelappApplicationTests                	host:localhost	message:Started HotelappApplicationTests in 12.408 seconds (process running for 15.626)
time:2025-04-24 16:20:00.072	severity:INFO 	span:[,,]	pid: 	thread:[ionShutdownHook]	class:HikariDataSource                        	host:localhost	message:HikariPool-1 - Shutdown initiated...
time:2025-04-24 16:20:00.100	severity:INFO 	span:[,,]	pid: 	thread:[ionShutdownHook]	class:HikariDataSource                        	host:localhost	message:HikariPool-1 - Shutdown completed.
time:2025-04-24 16:20:17.142	severity:INFO 	span:[,,]	pid: 	thread:[  restartedMain]	class:HotelappApplication                     	host:localhost	message:Starting HotelappApplication using Java 17.0.2 with PID 18196 (C:\Users\207554\Downloads\hotelmanagement\hotelapp\target\classes started by 207554 in C:\Users\207554\Downloads\hotelmanagement\hotelapp)
time:2025-04-24 16:20:17.173	severity:INFO 	span:[,,]	pid: 	thread:[  restartedMain]	class:HotelappApplication                     	host:localhost	message:No active profile set, falling back to 1 default profile: "default"
time:2025-04-24 16:20:20.180	severity:INFO 	span:[,,]	pid: 	thread:[  restartedMain]	class:HikariDataSource                        	host:localhost	message:HikariPool-1 - Starting...
time:2025-04-24 16:20:20.436	severity:INFO 	span:[,,]	pid: 	thread:[  restartedMain]	class:HikariPool                              	host:localhost	message:HikariPool-1 - Added connection org.postgresql.jdbc.PgConnection@32ee2b8a
time:2025-04-24 16:20:20.438	severity:INFO 	span:[,,]	pid: 	thread:[  restartedMain]	class:HikariDataSource                        	host:localhost	message:HikariPool-1 - Start completed.
time:2025-04-24 16:20:20.477	severity:WARN 	span:[,,]	pid: 	thread:[  restartedMain]	class:deprecation                             	host:localhost	message:HHH90000025: PostgreSQLDialect does not need to be specified explicitly using 'hibernate.dialect' (remove the property setting and it will be selected by default)
time:2025-04-24 16:20:22.128	severity:WARN 	span:[,,]	pid: 	thread:[  restartedMain]	class:JpaBaseConfiguration$JpaWebConfiguration	host:localhost	message:spring.jpa.open-in-view is enabled by default. Therefore, database queries may be performed during view rendering. Explicitly configure spring.jpa.open-in-view to disable this warning
time:2025-04-24 16:20:23.643	severity:INFO 	span:[,,]	pid: 	thread:[  restartedMain]	class:HotelappApplication                     	host:localhost	message:Started HotelappApplication in 7.424 seconds (process running for 9.215)
time:2025-04-24 16:22:42.548	severity:INFO 	span:[,,]	pid: 	thread:[nio-8083-exec-1]	class:HotelChatController                     	host:localhost	message:Received chat request: Find hotels in trivandrum from 04-28-2025 to 04-29-2025, guestId: null
time:2025-04-24 16:22:42.558	severity:INFO 	span:[,,]	pid: 	thread:[nio-8083-exec-1]	class:HotelChatController                     	host:localhost	message:Searching hotels in trivandrum from 04-28-2025 to 04-29-2025
time:2025-04-24 16:22:42.559	severity:INFO 	span:[,,]	pid: 	thread:[nio-8083-exec-1]	class:HotelappController                      	host:localhost	message:Searching hotels in TRIVANDRUM from 04-28-2025 to 04-29-2025
time:2025-04-24 16:22:43.829	severity:INFO 	span:[,,]	pid: 	thread:[nio-8083-exec-1]	class:HotelChatController                     	host:localhost	message:Formatting response for 2 hotels
time:2025-04-24 16:24:40.204	severity:INFO 	span:[,,]	pid: 	thread:[nio-8083-exec-3]	class:HotelChatController                     	host:localhost	message:Received chat request: Register guest name anna shibu email annashibu.2000@gmail.com phone 8921268260, guestId: null
time:2025-04-24 16:24:40.205	severity:INFO 	span:[,,]	pid: 	thread:[nio-8083-exec-3]	class:HotelChatController                     	host:localhost	message:Processing registration request for email: annashibu.2000@gmail.com
time:2025-04-24 16:24:40.206	severity:INFO 	span:[,,]	pid: 	thread:[nio-8083-exec-3]	class:HotelappController                      	host:localhost	message:Received guest registration request for email: annashibu.2000@gmail.com
time:2025-04-24 16:24:40.647	severity:INFO 	span:[,,]	pid: 	thread:[nio-8083-exec-3]	class:HotelappController                      	host:localhost	message:Guest with email annashibu.2000@gmail.com already exists
time:2025-04-24 16:24:40.648	severity:INFO 	span:[,,]	pid: 	thread:[nio-8083-exec-3]	class:HotelChatController                     	host:localhost	message:Guest with email annashibu.2000@gmail.com already exists with ID: 1
time:2025-04-24 16:27:06.058	severity:INFO 	span:[,,]	pid: 	thread:[nio-8083-exec-5]	class:HotelChatController                     	host:localhost	message:Received chat request: Book hotel blue ray hotel room suite in trivandrum from 04-28-2025 to 04-29-2025 email annashibu.2000@gmail.com phone 8921268260 adults 1 children 0, guestId: null
time:2025-04-24 16:27:06.060	severity:INFO 	span:[,,]	pid: 	thread:[nio-8083-exec-5]	class:HotelChatController                     	host:localhost	message:Processing booking request for hotel: blue ray hotel in city: trivandrum
time:2025-04-24 16:27:06.060	severity:INFO 	span:[,,]	pid: 	thread:[nio-8083-exec-5]	class:HotelappController                      	host:localhost	message:Received booking request for hotel: BLUE RAY HOTEL in city: TRIVANDRUM
time:2025-04-24 16:27:06.839	severity:INFO 	span:[,,]	pid: 	thread:[nio-8083-exec-5]	class:HotelappController                      	host:localhost	message:Reservation created successfully for hotel: BLUE RAY HOTEL in city: TRIVANDRUM
time:2025-04-24 16:27:06.839	severity:INFO 	span:[,,]	pid: 	thread:[nio-8083-exec-5]	class:HotelChatController                     	host:localhost	message:Booking successful for hotel: blue ray hotel, reservation ID: 45
time:2025-04-24 16:31:16.618	severity:INFO 	span:[,,]	pid: 	thread:[nio-8083-exec-7]	class:HotelChatController                     	host:localhost	message:Received chat request: Book hotel blue ray hotel room standard in trivandrum from 04-28-2025 to 04-29-2025 email annashibu.2000@gmail.com phone 8921268260 adults 1 children 1, guestId: null
time:2025-04-24 16:31:16.621	severity:INFO 	span:[,,]	pid: 	thread:[nio-8083-exec-7]	class:HotelChatController                     	host:localhost	message:Processing booking request for hotel: blue ray hotel in city: trivandrum
time:2025-04-24 16:31:16.621	severity:INFO 	span:[,,]	pid: 	thread:[nio-8083-exec-7]	class:HotelappController                      	host:localhost	message:Received booking request for hotel: BLUE RAY HOTEL in city: TRIVANDRUM
time:2025-04-24 16:31:16.831	severity:INFO 	span:[,,]	pid: 	thread:[nio-8083-exec-7]	class:HotelappController                      	host:localhost	message:Reservation created successfully for hotel: BLUE RAY HOTEL in city: TRIVANDRUM
time:2025-04-24 16:31:16.832	severity:INFO 	span:[,,]	pid: 	thread:[nio-8083-exec-7]	class:HotelChatController                     	host:localhost	message:Booking successful for hotel: blue ray hotel, reservation ID: 46
time:2025-04-24 16:38:10.924	severity:INFO 	span:[,,]	pid: 	thread:[nio-8083-exec-9]	class:HotelChatController                     	host:localhost	message:Received chat request: Find hotels in pathanamthitta from 04-28-2025 to 04-29-2025, guestId: null
time:2025-04-24 16:38:10.926	severity:INFO 	span:[,,]	pid: 	thread:[nio-8083-exec-9]	class:HotelChatController                     	host:localhost	message:Searching hotels in pathanamthitta from 04-28-2025 to 04-29-2025
time:2025-04-24 16:38:10.927	severity:INFO 	span:[,,]	pid: 	thread:[nio-8083-exec-9]	class:HotelappController                      	host:localhost	message:Searching hotels in PATHANAMTHITTA from 04-28-2025 to 04-29-2025
time:2025-04-24 16:38:10.989	severity:ERROR	span:[,,]	pid: 	thread:[nio-8083-exec-9]	class:HotelChatController                     	host:localhost	message:Error formatting dates for search request: [500] during [GET] to [http://localhost:8081/hotelAvailability/hotelSearch?cityName=PATHANAMTHITTA&checkInDate=04-28-2025&checkOutDate=04-29-2025] [HotelAvailabilityClient#findAvailableHotelsWithRooms(String,String,String)]: [{"timestamp":"2025-04-24T11:08:10.969+00:00","status":500,"error":"Internal Server Error","path":"/hotelAvailability/hotelSearch"}]
feign.FeignException$InternalServerError: [500] during [GET] to [http://localhost:8081/hotelAvailability/hotelSearch?cityName=PATHANAMTHITTA&checkInDate=04-28-2025&checkOutDate=04-29-2025] [HotelAvailabilityClient#findAvailableHotelsWithRooms(String,String,String)]: [{"timestamp":"2025-04-24T11:08:10.969+00:00","status":500,"error":"Internal Server Error","path":"/hotelAvailability/hotelSearch"}]
	at feign.FeignException.serverErrorStatus(FeignException.java:281) ~[feign-core-13.5.jar:?]
	at feign.FeignException.errorStatus(FeignException.java:226) ~[feign-core-13.5.jar:?]
	at feign.FeignException.errorStatus(FeignException.java:213) ~[feign-core-13.5.jar:?]
	at feign.codec.ErrorDecoder$Default.decode(ErrorDecoder.java:103) ~[feign-core-13.5.jar:?]
	at feign.InvocationContext.decodeError(InvocationContext.java:133) ~[feign-core-13.5.jar:?]
	at feign.InvocationContext.proceed(InvocationContext.java:80) ~[feign-core-13.5.jar:?]
	at feign.ResponseHandler.handleResponse(ResponseHandler.java:69) ~[feign-core-13.5.jar:?]
	at feign.SynchronousMethodHandler.executeAndDecode(SynchronousMethodHandler.java:109) ~[feign-core-13.5.jar:?]
	at feign.SynchronousMethodHandler.invoke(SynchronousMethodHandler.java:53) ~[feign-core-13.5.jar:?]
	at feign.ReflectiveFeign$FeignInvocationHandler.invoke(ReflectiveFeign.java:104) ~[feign-core-13.5.jar:?]
	at jdk.proxy4/jdk.proxy4.$Proxy136.findAvailableHotelsWithRooms(Unknown Source) ~[?:?]
	at com.ibsplc.hotelapp.controller.HotelappController.searchHotels(HotelappController.java:53) ~[classes/:?]
	at com.ibsplc.hotelapp.controller.HotelChatController.chat(HotelChatController.java:45) [classes/:?]
	at java.base/jdk.internal.reflect.NativeMethodAccessorImpl.invoke0(Native Method) ~[?:?]
	at java.base/jdk.internal.reflect.NativeMethodAccessorImpl.invoke(NativeMethodAccessorImpl.java:77) ~[?:?]
	at java.base/jdk.internal.reflect.DelegatingMethodAccessorImpl.invoke(DelegatingMethodAccessorImpl.java:43) ~[?:?]
	at java.base/java.lang.reflect.Method.invoke(Method.java:568) ~[?:?]
	at org.springframework.web.method.support.InvocableHandlerMethod.doInvoke(InvocableHandlerMethod.java:257) [spring-web-6.2.3.jar:6.2.3]
	at org.springframework.web.method.support.InvocableHandlerMethod.invokeForRequest(InvocableHandlerMethod.java:190) [spring-web-6.2.3.jar:6.2.3]
	at org.springframework.web.servlet.mvc.method.annotation.ServletInvocableHandlerMethod.invokeAndHandle(ServletInvocableHandlerMethod.java:118) [spring-webmvc-6.2.3.jar:6.2.3]
	at org.springframework.web.servlet.mvc.method.annotation.RequestMappingHandlerAdapter.invokeHandlerMethod(RequestMappingHandlerAdapter.java:986) [spring-webmvc-6.2.3.jar:6.2.3]
	at org.springframework.web.servlet.mvc.method.annotation.RequestMappingHandlerAdapter.handleInternal(RequestMappingHandlerAdapter.java:891) [spring-webmvc-6.2.3.jar:6.2.3]
	at org.springframework.web.servlet.mvc.method.AbstractHandlerMethodAdapter.handle(AbstractHandlerMethodAdapter.java:87) [spring-webmvc-6.2.3.jar:6.2.3]
	at org.springframework.web.servlet.DispatcherServlet.doDispatch(DispatcherServlet.java:1088) [spring-webmvc-6.2.3.jar:6.2.3]
	at org.springframework.web.servlet.DispatcherServlet.doService(DispatcherServlet.java:978) [spring-webmvc-6.2.3.jar:6.2.3]
	at org.springframework.web.servlet.FrameworkServlet.processRequest(FrameworkServlet.java:1014) [spring-webmvc-6.2.3.jar:6.2.3]
	at org.springframework.web.servlet.FrameworkServlet.doPost(FrameworkServlet.java:914) [spring-webmvc-6.2.3.jar:6.2.3]
	at jakarta.servlet.http.HttpServlet.service(HttpServlet.java:590) [tomcat-embed-core-10.1.36.jar:6.0]
	at org.springframework.web.servlet.FrameworkServlet.service(FrameworkServlet.java:885) [spring-webmvc-6.2.3.jar:6.2.3]
	at jakarta.servlet.http.HttpServlet.service(HttpServlet.java:658) [tomcat-embed-core-10.1.36.jar:6.0]
	at org.apache.catalina.core.ApplicationFilterChain.internalDoFilter(ApplicationFilterChain.java:195) [tomcat-embed-core-10.1.36.jar:10.1.36]
	at org.apache.catalina.core.ApplicationFilterChain.doFilter(ApplicationFilterChain.java:140) [tomcat-embed-core-10.1.36.jar:10.1.36]
	at org.apache.tomcat.websocket.server.WsFilter.doFilter(WsFilter.java:51) [tomcat-embed-websocket-10.1.36.jar:10.1.36]
	at org.apache.catalina.core.ApplicationFilterChain.internalDoFilter(ApplicationFilterChain.java:164) [tomcat-embed-core-10.1.36.jar:10.1.36]
	at org.apache.catalina.core.ApplicationFilterChain.doFilter(ApplicationFilterChain.java:140) [tomcat-embed-core-10.1.36.jar:10.1.36]
	at org.springframework.web.filter.RequestContextFilter.doFilterInternal(RequestContextFilter.java:100) [spring-web-6.2.3.jar:6.2.3]
	at org.springframework.web.filter.OncePerRequestFilter.doFilter(OncePerRequestFilter.java:116) [spring-web-6.2.3.jar:6.2.3]
	at org.apache.catalina.core.ApplicationFilterChain.internalDoFilter(ApplicationFilterChain.java:164) [tomcat-embed-core-10.1.36.jar:10.1.36]
	at org.apache.catalina.core.ApplicationFilterChain.doFilter(ApplicationFilterChain.java:140) [tomcat-embed-core-10.1.36.jar:10.1.36]
	at org.springframework.web.filter.FormContentFilter.doFilterInternal(FormContentFilter.java:93) [spring-web-6.2.3.jar:6.2.3]
	at org.springframework.web.filter.OncePerRequestFilter.doFilter(OncePerRequestFilter.java:116) [spring-web-6.2.3.jar:6.2.3]
	at org.apache.catalina.core.ApplicationFilterChain.internalDoFilter(ApplicationFilterChain.java:164) [tomcat-embed-core-10.1.36.jar:10.1.36]
	at org.apache.catalina.core.ApplicationFilterChain.doFilter(ApplicationFilterChain.java:140) [tomcat-embed-core-10.1.36.jar:10.1.36]
	at org.springframework.web.filter.CharacterEncodingFilter.doFilterInternal(CharacterEncodingFilter.java:201) [spring-web-6.2.3.jar:6.2.3]
	at org.springframework.web.filter.OncePerRequestFilter.doFilter(OncePerRequestFilter.java:116) [spring-web-6.2.3.jar:6.2.3]
	at org.apache.catalina.core.ApplicationFilterChain.internalDoFilter(ApplicationFilterChain.java:164) [tomcat-embed-core-10.1.36.jar:10.1.36]
	at org.apache.catalina.core.ApplicationFilterChain.doFilter(ApplicationFilterChain.java:140) [tomcat-embed-core-10.1.36.jar:10.1.36]
	at org.apache.catalina.core.StandardWrapperValve.invoke(StandardWrapperValve.java:167) [tomcat-embed-core-10.1.36.jar:10.1.36]
	at org.apache.catalina.core.StandardContextValve.invoke(StandardContextValve.java:90) [tomcat-embed-core-10.1.36.jar:10.1.36]
	at org.apache.catalina.authenticator.AuthenticatorBase.invoke(AuthenticatorBase.java:483) [tomcat-embed-core-10.1.36.jar:10.1.36]
	at org.apache.catalina.core.StandardHostValve.invoke(StandardHostValve.java:115) [tomcat-embed-core-10.1.36.jar:10.1.36]
	at org.apache.catalina.valves.ErrorReportValve.invoke(ErrorReportValve.java:93) [tomcat-embed-core-10.1.36.jar:10.1.36]
	at org.apache.catalina.core.StandardEngineValve.invoke(StandardEngineValve.java:74) [tomcat-embed-core-10.1.36.jar:10.1.36]
	at org.apache.catalina.connector.CoyoteAdapter.service(CoyoteAdapter.java:344) [tomcat-embed-core-10.1.36.jar:10.1.36]
	at org.apache.coyote.http11.Http11Processor.service(Http11Processor.java:397) [tomcat-embed-core-10.1.36.jar:10.1.36]
	at org.apache.coyote.AbstractProcessorLight.process(AbstractProcessorLight.java:63) [tomcat-embed-core-10.1.36.jar:10.1.36]
	at org.apache.coyote.AbstractProtocol$ConnectionHandler.process(AbstractProtocol.java:905) [tomcat-embed-core-10.1.36.jar:10.1.36]
	at org.apache.tomcat.util.net.NioEndpoint$SocketProcessor.doRun(NioEndpoint.java:1743) [tomcat-embed-core-10.1.36.jar:10.1.36]
	at org.apache.tomcat.util.net.SocketProcessorBase.run(SocketProcessorBase.java:52) [tomcat-embed-core-10.1.36.jar:10.1.36]
	at org.apache.tomcat.util.threads.ThreadPoolExecutor.runWorker(ThreadPoolExecutor.java:1190) [tomcat-embed-core-10.1.36.jar:10.1.36]
	at org.apache.tomcat.util.threads.ThreadPoolExecutor$Worker.run(ThreadPoolExecutor.java:659) [tomcat-embed-core-10.1.36.jar:10.1.36]
	at org.apache.tomcat.util.threads.TaskThread$WrappingRunnable.run(TaskThread.java:63) [tomcat-embed-core-10.1.36.jar:10.1.36]
	at java.base/java.lang.Thread.run(Thread.java:833) [?:?]
time:2025-04-24 16:50:56.736	severity:INFO 	span:[,,]	pid: 	thread:[       Thread-5]	class:HikariDataSource                        	host:localhost	message:HikariPool-1 - Shutdown initiated...
time:2025-04-24 16:50:56.740	severity:INFO 	span:[,,]	pid: 	thread:[       Thread-5]	class:HikariDataSource                        	host:localhost	message:HikariPool-1 - Shutdown completed.
time:2025-04-24 16:50:56.944	severity:INFO 	span:[,,]	pid: 	thread:[  restartedMain]	class:HotelappApplication                     	host:localhost	message:Starting HotelappApplication using Java 17.0.2 with PID 18196 (C:\Users\207554\Downloads\hotelmanagement\hotelapp\target\classes started by 207554 in C:\Users\207554\Downloads\hotelmanagement\hotelapp)
time:2025-04-24 16:50:56.944	severity:INFO 	span:[,,]	pid: 	thread:[  restartedMain]	class:HotelappApplication                     	host:localhost	message:No active profile set, falling back to 1 default profile: "default"
time:2025-04-24 16:50:57.179	severity:INFO 	span:[,,]	pid: 	thread:[  restartedMain]	class:HikariDataSource                        	host:localhost	message:HikariPool-2 - Starting...
time:2025-04-24 16:50:57.235	severity:INFO 	span:[,,]	pid: 	thread:[  restartedMain]	class:HikariPool                              	host:localhost	message:HikariPool-2 - Added connection org.postgresql.jdbc.PgConnection@55df7875
time:2025-04-24 16:50:57.236	severity:INFO 	span:[,,]	pid: 	thread:[  restartedMain]	class:HikariDataSource                        	host:localhost	message:HikariPool-2 - Start completed.
time:2025-04-24 16:50:57.241	severity:WARN 	span:[,,]	pid: 	thread:[  restartedMain]	class:deprecation                             	host:localhost	message:HHH90000025: PostgreSQLDialect does not need to be specified explicitly using 'hibernate.dialect' (remove the property setting and it will be selected by default)
time:2025-04-24 16:50:57.332	severity:WARN 	span:[,,]	pid: 	thread:[  restartedMain]	class:JpaBaseConfiguration$JpaWebConfiguration	host:localhost	message:spring.jpa.open-in-view is enabled by default. Therefore, database queries may be performed during view rendering. Explicitly configure spring.jpa.open-in-view to disable this warning
time:2025-04-24 16:50:57.745	severity:INFO 	span:[,,]	pid: 	thread:[  restartedMain]	class:HotelappApplication                     	host:localhost	message:Started HotelappApplication in 0.952 seconds (process running for 1843.317)
time:2025-04-24 16:52:11.778	severity:INFO 	span:[,,]	pid: 	thread:[nio-8083-exec-1]	class:HotelChatController                     	host:localhost	message:Received chat request: View my reservations email annashibu.2000@gmail.com phone 8833777002, guestId: null
time:2025-04-24 16:52:11.783	severity:INFO 	span:[,,]	pid: 	thread:[nio-8083-exec-1]	class:HotelChatController                     	host:localhost	message:Fetching reservations for email: annashibu.2000@gmail.com and phone: 8833777002
time:2025-04-24 16:52:11.783	severity:INFO 	span:[,,]	pid: 	thread:[nio-8083-exec-1]	class:HotelappController                      	host:localhost	message:Received request to fetch reservations for email: annashibu.2000@gmail.com and phone: 8833777002
time:2025-04-24 16:52:11.841	severity:ERROR	span:[,,]	pid: 	thread:[nio-8083-exec-1]	class:HotelappController                      	host:localhost	message:Failed to fetch reservations for email annashibu.2000@gmail.com and phone 8833777002: [400] during [GET] to [http://localhost:8080/hotelBooking/reservationsByGuest?email=annashibu.2000%40gmail.com&phone=8833777002] [HotelReservationClient#getReservationsByGuest(String,String)]: [{"status":"BAD_REQUEST","message":"Invalid request parameters","details":"Check the provided input values","timestamp":"2025-04-24T16:52:11.8249103","errorCode":"ARGUMENT_001"}]
feign.FeignException$BadRequest: [400] during [GET] to [http://localhost:8080/hotelBooking/reservationsByGuest?email=annashibu.2000%40gmail.com&phone=8833777002] [HotelReservationClient#getReservationsByGuest(String,String)]: [{"status":"BAD_REQUEST","message":"Invalid request parameters","details":"Check the provided input values","timestamp":"2025-04-24T16:52:11.8249103","errorCode":"ARGUMENT_001"}]
	at feign.FeignException.clientErrorStatus(FeignException.java:243) ~[feign-core-13.5.jar:?]
	at feign.FeignException.errorStatus(FeignException.java:223) ~[feign-core-13.5.jar:?]
	at feign.FeignException.errorStatus(FeignException.java:213) ~[feign-core-13.5.jar:?]
	at feign.codec.ErrorDecoder$Default.decode(ErrorDecoder.java:103) ~[feign-core-13.5.jar:?]
	at feign.InvocationContext.decodeError(InvocationContext.java:133) ~[feign-core-13.5.jar:?]
	at feign.InvocationContext.proceed(InvocationContext.java:80) ~[feign-core-13.5.jar:?]
	at feign.ResponseHandler.handleResponse(ResponseHandler.java:69) ~[feign-core-13.5.jar:?]
	at feign.SynchronousMethodHandler.executeAndDecode(SynchronousMethodHandler.java:109) ~[feign-core-13.5.jar:?]
	at feign.SynchronousMethodHandler.invoke(SynchronousMethodHandler.java:53) ~[feign-core-13.5.jar:?]
	at feign.ReflectiveFeign$FeignInvocationHandler.invoke(ReflectiveFeign.java:104) ~[feign-core-13.5.jar:?]
	at jdk.proxy5/jdk.proxy5.$Proxy156.getReservationsByGuest(Unknown Source) ~[?:?]
	at com.ibsplc.hotelapp.controller.HotelappController.getReservationsByGuest(HotelappController.java:182) [classes/:?]
	at com.ibsplc.hotelapp.controller.HotelChatController.chat(HotelChatController.java:125) [classes/:?]
	at java.base/jdk.internal.reflect.NativeMethodAccessorImpl.invoke0(Native Method) ~[?:?]
	at java.base/jdk.internal.reflect.NativeMethodAccessorImpl.invoke(NativeMethodAccessorImpl.java:77) ~[?:?]
	at java.base/jdk.internal.reflect.DelegatingMethodAccessorImpl.invoke(DelegatingMethodAccessorImpl.java:43) ~[?:?]
	at java.base/java.lang.reflect.Method.invoke(Method.java:568) ~[?:?]
	at org.springframework.web.method.support.InvocableHandlerMethod.doInvoke(InvocableHandlerMethod.java:257) [spring-web-6.2.3.jar:6.2.3]
	at org.springframework.web.method.support.InvocableHandlerMethod.invokeForRequest(InvocableHandlerMethod.java:190) [spring-web-6.2.3.jar:6.2.3]
	at org.springframework.web.servlet.mvc.method.annotation.ServletInvocableHandlerMethod.invokeAndHandle(ServletInvocableHandlerMethod.java:118) [spring-webmvc-6.2.3.jar:6.2.3]
	at org.springframework.web.servlet.mvc.method.annotation.RequestMappingHandlerAdapter.invokeHandlerMethod(RequestMappingHandlerAdapter.java:986) [spring-webmvc-6.2.3.jar:6.2.3]
	at org.springframework.web.servlet.mvc.method.annotation.RequestMappingHandlerAdapter.handleInternal(RequestMappingHandlerAdapter.java:891) [spring-webmvc-6.2.3.jar:6.2.3]
	at org.springframework.web.servlet.mvc.method.AbstractHandlerMethodAdapter.handle(AbstractHandlerMethodAdapter.java:87) [spring-webmvc-6.2.3.jar:6.2.3]
	at org.springframework.web.servlet.DispatcherServlet.doDispatch(DispatcherServlet.java:1088) [spring-webmvc-6.2.3.jar:6.2.3]
	at org.springframework.web.servlet.DispatcherServlet.doService(DispatcherServlet.java:978) [spring-webmvc-6.2.3.jar:6.2.3]
	at org.springframework.web.servlet.FrameworkServlet.processRequest(FrameworkServlet.java:1014) [spring-webmvc-6.2.3.jar:6.2.3]
	at org.springframework.web.servlet.FrameworkServlet.doPost(FrameworkServlet.java:914) [spring-webmvc-6.2.3.jar:6.2.3]
	at jakarta.servlet.http.HttpServlet.service(HttpServlet.java:590) [tomcat-embed-core-10.1.36.jar:6.0]
	at org.springframework.web.servlet.FrameworkServlet.service(FrameworkServlet.java:885) [spring-webmvc-6.2.3.jar:6.2.3]
	at jakarta.servlet.http.HttpServlet.service(HttpServlet.java:658) [tomcat-embed-core-10.1.36.jar:6.0]
	at org.apache.catalina.core.ApplicationFilterChain.internalDoFilter(ApplicationFilterChain.java:195) [tomcat-embed-core-10.1.36.jar:10.1.36]
	at org.apache.catalina.core.ApplicationFilterChain.doFilter(ApplicationFilterChain.java:140) [tomcat-embed-core-10.1.36.jar:10.1.36]
	at org.apache.tomcat.websocket.server.WsFilter.doFilter(WsFilter.java:51) [tomcat-embed-websocket-10.1.36.jar:10.1.36]
	at org.apache.catalina.core.ApplicationFilterChain.internalDoFilter(ApplicationFilterChain.java:164) [tomcat-embed-core-10.1.36.jar:10.1.36]
	at org.apache.catalina.core.ApplicationFilterChain.doFilter(ApplicationFilterChain.java:140) [tomcat-embed-core-10.1.36.jar:10.1.36]
	at org.springframework.web.filter.RequestContextFilter.doFilterInternal(RequestContextFilter.java:100) [spring-web-6.2.3.jar:6.2.3]
	at org.springframework.web.filter.OncePerRequestFilter.doFilter(OncePerRequestFilter.java:116) [spring-web-6.2.3.jar:6.2.3]
	at org.apache.catalina.core.ApplicationFilterChain.internalDoFilter(ApplicationFilterChain.java:164) [tomcat-embed-core-10.1.36.jar:10.1.36]
	at org.apache.catalina.core.ApplicationFilterChain.doFilter(ApplicationFilterChain.java:140) [tomcat-embed-core-10.1.36.jar:10.1.36]
	at org.springframework.web.filter.FormContentFilter.doFilterInternal(FormContentFilter.java:93) [spring-web-6.2.3.jar:6.2.3]
	at org.springframework.web.filter.OncePerRequestFilter.doFilter(OncePerRequestFilter.java:116) [spring-web-6.2.3.jar:6.2.3]
	at org.apache.catalina.core.ApplicationFilterChain.internalDoFilter(ApplicationFilterChain.java:164) [tomcat-embed-core-10.1.36.jar:10.1.36]
	at org.apache.catalina.core.ApplicationFilterChain.doFilter(ApplicationFilterChain.java:140) [tomcat-embed-core-10.1.36.jar:10.1.36]
	at org.springframework.web.filter.CharacterEncodingFilter.doFilterInternal(CharacterEncodingFilter.java:201) [spring-web-6.2.3.jar:6.2.3]
	at org.springframework.web.filter.OncePerRequestFilter.doFilter(OncePerRequestFilter.java:116) [spring-web-6.2.3.jar:6.2.3]
	at org.apache.catalina.core.ApplicationFilterChain.internalDoFilter(ApplicationFilterChain.java:164) [tomcat-embed-core-10.1.36.jar:10.1.36]
	at org.apache.catalina.core.ApplicationFilterChain.doFilter(ApplicationFilterChain.java:140) [tomcat-embed-core-10.1.36.jar:10.1.36]
	at org.apache.catalina.core.StandardWrapperValve.invoke(StandardWrapperValve.java:167) [tomcat-embed-core-10.1.36.jar:10.1.36]
	at org.apache.catalina.core.StandardContextValve.invoke(StandardContextValve.java:90) [tomcat-embed-core-10.1.36.jar:10.1.36]
	at org.apache.catalina.authenticator.AuthenticatorBase.invoke(AuthenticatorBase.java:483) [tomcat-embed-core-10.1.36.jar:10.1.36]
	at org.apache.catalina.core.StandardHostValve.invoke(StandardHostValve.java:115) [tomcat-embed-core-10.1.36.jar:10.1.36]
	at org.apache.catalina.valves.ErrorReportValve.invoke(ErrorReportValve.java:93) [tomcat-embed-core-10.1.36.jar:10.1.36]
	at org.apache.catalina.core.StandardEngineValve.invoke(StandardEngineValve.java:74) [tomcat-embed-core-10.1.36.jar:10.1.36]
	at org.apache.catalina.connector.CoyoteAdapter.service(CoyoteAdapter.java:344) [tomcat-embed-core-10.1.36.jar:10.1.36]
	at org.apache.coyote.http11.Http11Processor.service(Http11Processor.java:397) [tomcat-embed-core-10.1.36.jar:10.1.36]
	at org.apache.coyote.AbstractProcessorLight.process(AbstractProcessorLight.java:63) [tomcat-embed-core-10.1.36.jar:10.1.36]
	at org.apache.coyote.AbstractProtocol$ConnectionHandler.process(AbstractProtocol.java:905) [tomcat-embed-core-10.1.36.jar:10.1.36]
	at org.apache.tomcat.util.net.NioEndpoint$SocketProcessor.doRun(NioEndpoint.java:1743) [tomcat-embed-core-10.1.36.jar:10.1.36]
	at org.apache.tomcat.util.net.SocketProcessorBase.run(SocketProcessorBase.java:52) [tomcat-embed-core-10.1.36.jar:10.1.36]
	at org.apache.tomcat.util.threads.ThreadPoolExecutor.runWorker(ThreadPoolExecutor.java:1190) [tomcat-embed-core-10.1.36.jar:10.1.36]
	at org.apache.tomcat.util.threads.ThreadPoolExecutor$Worker.run(ThreadPoolExecutor.java:659) [tomcat-embed-core-10.1.36.jar:10.1.36]
	at org.apache.tomcat.util.threads.TaskThread$WrappingRunnable.run(TaskThread.java:63) [tomcat-embed-core-10.1.36.jar:10.1.36]
	at java.base/java.lang.Thread.run(Thread.java:833) [?:?]
time:2025-04-24 16:52:11.845	severity:ERROR	span:[,,]	pid: 	thread:[nio-8083-exec-1]	class:HotelChatController                     	host:localhost	message:Error retrieving reservations for email annashibu.2000@gmail.com and phone 8833777002: 503 SERVICE_UNAVAILABLE "Reservation service is unavailable."
org.springframework.web.server.ResponseStatusException: 503 SERVICE_UNAVAILABLE "Reservation service is unavailable."
	at com.ibsplc.hotelapp.controller.HotelappController.getReservationsByGuest(HotelappController.java:187) ~[classes/:?]
	at com.ibsplc.hotelapp.controller.HotelChatController.chat(HotelChatController.java:125) [classes/:?]
	at java.base/jdk.internal.reflect.NativeMethodAccessorImpl.invoke0(Native Method) ~[?:?]
	at java.base/jdk.internal.reflect.NativeMethodAccessorImpl.invoke(NativeMethodAccessorImpl.java:77) ~[?:?]
	at java.base/jdk.internal.reflect.DelegatingMethodAccessorImpl.invoke(DelegatingMethodAccessorImpl.java:43) ~[?:?]
	at java.base/java.lang.reflect.Method.invoke(Method.java:568) ~[?:?]
	at org.springframework.web.method.support.InvocableHandlerMethod.doInvoke(InvocableHandlerMethod.java:257) [spring-web-6.2.3.jar:6.2.3]
	at org.springframework.web.method.support.InvocableHandlerMethod.invokeForRequest(InvocableHandlerMethod.java:190) [spring-web-6.2.3.jar:6.2.3]
	at org.springframework.web.servlet.mvc.method.annotation.ServletInvocableHandlerMethod.invokeAndHandle(ServletInvocableHandlerMethod.java:118) [spring-webmvc-6.2.3.jar:6.2.3]
	at org.springframework.web.servlet.mvc.method.annotation.RequestMappingHandlerAdapter.invokeHandlerMethod(RequestMappingHandlerAdapter.java:986) [spring-webmvc-6.2.3.jar:6.2.3]
	at org.springframework.web.servlet.mvc.method.annotation.RequestMappingHandlerAdapter.handleInternal(RequestMappingHandlerAdapter.java:891) [spring-webmvc-6.2.3.jar:6.2.3]
	at org.springframework.web.servlet.mvc.method.AbstractHandlerMethodAdapter.handle(AbstractHandlerMethodAdapter.java:87) [spring-webmvc-6.2.3.jar:6.2.3]
	at org.springframework.web.servlet.DispatcherServlet.doDispatch(DispatcherServlet.java:1088) [spring-webmvc-6.2.3.jar:6.2.3]
	at org.springframework.web.servlet.DispatcherServlet.doService(DispatcherServlet.java:978) [spring-webmvc-6.2.3.jar:6.2.3]
	at org.springframework.web.servlet.FrameworkServlet.processRequest(FrameworkServlet.java:1014) [spring-webmvc-6.2.3.jar:6.2.3]
	at org.springframework.web.servlet.FrameworkServlet.doPost(FrameworkServlet.java:914) [spring-webmvc-6.2.3.jar:6.2.3]
	at jakarta.servlet.http.HttpServlet.service(HttpServlet.java:590) [tomcat-embed-core-10.1.36.jar:6.0]
	at org.springframework.web.servlet.FrameworkServlet.service(FrameworkServlet.java:885) [spring-webmvc-6.2.3.jar:6.2.3]
	at jakarta.servlet.http.HttpServlet.service(HttpServlet.java:658) [tomcat-embed-core-10.1.36.jar:6.0]
	at org.apache.catalina.core.ApplicationFilterChain.internalDoFilter(ApplicationFilterChain.java:195) [tomcat-embed-core-10.1.36.jar:10.1.36]
	at org.apache.catalina.core.ApplicationFilterChain.doFilter(ApplicationFilterChain.java:140) [tomcat-embed-core-10.1.36.jar:10.1.36]
	at org.apache.tomcat.websocket.server.WsFilter.doFilter(WsFilter.java:51) [tomcat-embed-websocket-10.1.36.jar:10.1.36]
	at org.apache.catalina.core.ApplicationFilterChain.internalDoFilter(ApplicationFilterChain.java:164) [tomcat-embed-core-10.1.36.jar:10.1.36]
	at org.apache.catalina.core.ApplicationFilterChain.doFilter(ApplicationFilterChain.java:140) [tomcat-embed-core-10.1.36.jar:10.1.36]
	at org.springframework.web.filter.RequestContextFilter.doFilterInternal(RequestContextFilter.java:100) [spring-web-6.2.3.jar:6.2.3]
	at org.springframework.web.filter.OncePerRequestFilter.doFilter(OncePerRequestFilter.java:116) [spring-web-6.2.3.jar:6.2.3]
	at org.apache.catalina.core.ApplicationFilterChain.internalDoFilter(ApplicationFilterChain.java:164) [tomcat-embed-core-10.1.36.jar:10.1.36]
	at org.apache.catalina.core.ApplicationFilterChain.doFilter(ApplicationFilterChain.java:140) [tomcat-embed-core-10.1.36.jar:10.1.36]
	at org.springframework.web.filter.FormContentFilter.doFilterInternal(FormContentFilter.java:93) [spring-web-6.2.3.jar:6.2.3]
	at org.springframework.web.filter.OncePerRequestFilter.doFilter(OncePerRequestFilter.java:116) [spring-web-6.2.3.jar:6.2.3]
	at org.apache.catalina.core.ApplicationFilterChain.internalDoFilter(ApplicationFilterChain.java:164) [tomcat-embed-core-10.1.36.jar:10.1.36]
	at org.apache.catalina.core.ApplicationFilterChain.doFilter(ApplicationFilterChain.java:140) [tomcat-embed-core-10.1.36.jar:10.1.36]
	at org.springframework.web.filter.CharacterEncodingFilter.doFilterInternal(CharacterEncodingFilter.java:201) [spring-web-6.2.3.jar:6.2.3]
	at org.springframework.web.filter.OncePerRequestFilter.doFilter(OncePerRequestFilter.java:116) [spring-web-6.2.3.jar:6.2.3]
	at org.apache.catalina.core.ApplicationFilterChain.internalDoFilter(ApplicationFilterChain.java:164) [tomcat-embed-core-10.1.36.jar:10.1.36]
	at org.apache.catalina.core.ApplicationFilterChain.doFilter(ApplicationFilterChain.java:140) [tomcat-embed-core-10.1.36.jar:10.1.36]
	at org.apache.catalina.core.StandardWrapperValve.invoke(StandardWrapperValve.java:167) [tomcat-embed-core-10.1.36.jar:10.1.36]
	at org.apache.catalina.core.StandardContextValve.invoke(StandardContextValve.java:90) [tomcat-embed-core-10.1.36.jar:10.1.36]
	at org.apache.catalina.authenticator.AuthenticatorBase.invoke(AuthenticatorBase.java:483) [tomcat-embed-core-10.1.36.jar:10.1.36]
	at org.apache.catalina.core.StandardHostValve.invoke(StandardHostValve.java:115) [tomcat-embed-core-10.1.36.jar:10.1.36]
	at org.apache.catalina.valves.ErrorReportValve.invoke(ErrorReportValve.java:93) [tomcat-embed-core-10.1.36.jar:10.1.36]
	at org.apache.catalina.core.StandardEngineValve.invoke(StandardEngineValve.java:74) [tomcat-embed-core-10.1.36.jar:10.1.36]
	at org.apache.catalina.connector.CoyoteAdapter.service(CoyoteAdapter.java:344) [tomcat-embed-core-10.1.36.jar:10.1.36]
	at org.apache.coyote.http11.Http11Processor.service(Http11Processor.java:397) [tomcat-embed-core-10.1.36.jar:10.1.36]
	at org.apache.coyote.AbstractProcessorLight.process(AbstractProcessorLight.java:63) [tomcat-embed-core-10.1.36.jar:10.1.36]
	at org.apache.coyote.AbstractProtocol$ConnectionHandler.process(AbstractProtocol.java:905) [tomcat-embed-core-10.1.36.jar:10.1.36]
	at org.apache.tomcat.util.net.NioEndpoint$SocketProcessor.doRun(NioEndpoint.java:1743) [tomcat-embed-core-10.1.36.jar:10.1.36]
	at org.apache.tomcat.util.net.SocketProcessorBase.run(SocketProcessorBase.java:52) [tomcat-embed-core-10.1.36.jar:10.1.36]
	at org.apache.tomcat.util.threads.ThreadPoolExecutor.runWorker(ThreadPoolExecutor.java:1190) [tomcat-embed-core-10.1.36.jar:10.1.36]
	at org.apache.tomcat.util.threads.ThreadPoolExecutor$Worker.run(ThreadPoolExecutor.java:659) [tomcat-embed-core-10.1.36.jar:10.1.36]
	at org.apache.tomcat.util.threads.TaskThread$WrappingRunnable.run(TaskThread.java:63) [tomcat-embed-core-10.1.36.jar:10.1.36]
	at java.base/java.lang.Thread.run(Thread.java:833) [?:?]
time:2025-04-24 16:55:09.158	severity:INFO 	span:[,,]	pid: 	thread:[       Thread-9]	class:HikariDataSource                        	host:localhost	message:HikariPool-2 - Shutdown initiated...
time:2025-04-24 16:55:09.161	severity:INFO 	span:[,,]	pid: 	thread:[       Thread-9]	class:HikariDataSource                        	host:localhost	message:HikariPool-2 - Shutdown completed.
time:2025-04-24 16:55:09.371	severity:INFO 	span:[,,]	pid: 	thread:[  restartedMain]	class:HotelappApplication                     	host:localhost	message:Starting HotelappApplication using Java 17.0.2 with PID 18196 (C:\Users\207554\Downloads\hotelmanagement\hotelapp\target\classes started by 207554 in C:\Users\207554\Downloads\hotelmanagement\hotelapp)
time:2025-04-24 16:55:09.372	severity:INFO 	span:[,,]	pid: 	thread:[  restartedMain]	class:HotelappApplication                     	host:localhost	message:No active profile set, falling back to 1 default profile: "default"
time:2025-04-24 16:55:09.583	severity:INFO 	span:[,,]	pid: 	thread:[  restartedMain]	class:HikariDataSource                        	host:localhost	message:HikariPool-3 - Starting...
time:2025-04-24 16:55:09.643	severity:INFO 	span:[,,]	pid: 	thread:[  restartedMain]	class:HikariPool                              	host:localhost	message:HikariPool-3 - Added connection org.postgresql.jdbc.PgConnection@214f4dd3
time:2025-04-24 16:55:09.644	severity:INFO 	span:[,,]	pid: 	thread:[  restartedMain]	class:HikariDataSource                        	host:localhost	message:HikariPool-3 - Start completed.
time:2025-04-24 16:55:09.650	severity:WARN 	span:[,,]	pid: 	thread:[  restartedMain]	class:deprecation                             	host:localhost	message:HHH90000025: PostgreSQLDialect does not need to be specified explicitly using 'hibernate.dialect' (remove the property setting and it will be selected by default)
time:2025-04-24 16:55:09.754	severity:WARN 	span:[,,]	pid: 	thread:[  restartedMain]	class:JpaBaseConfiguration$JpaWebConfiguration	host:localhost	message:spring.jpa.open-in-view is enabled by default. Therefore, database queries may be performed during view rendering. Explicitly configure spring.jpa.open-in-view to disable this warning
time:2025-04-24 16:55:10.203	severity:INFO 	span:[,,]	pid: 	thread:[  restartedMain]	class:HotelappApplication                     	host:localhost	message:Started HotelappApplication in 0.989 seconds (process running for 2095.776)
time:2025-04-24 16:55:29.066	severity:INFO 	span:[,,]	pid: 	thread:[nio-8083-exec-1]	class:HotelChatController                     	host:localhost	message:Received chat request: View my reservations email annashibu.2000@gmail.com phone 8833777002, guestId: null
time:2025-04-24 16:55:29.066	severity:INFO 	span:[,,]	pid: 	thread:[nio-8083-exec-1]	class:HotelChatController                     	host:localhost	message:Fetching reservations for email: annashibu.2000@gmail.com and phone: 8833777002
time:2025-04-24 16:55:29.066	severity:INFO 	span:[,,]	pid: 	thread:[nio-8083-exec-1]	class:HotelappController                      	host:localhost	message:Received request to fetch reservations for email: annashibu.2000@gmail.com and phone: 8833777002
time:2025-04-24 16:55:29.096	severity:ERROR	span:[,,]	pid: 	thread:[nio-8083-exec-1]	class:HotelappController                      	host:localhost	message:Failed to fetch reservations for email annashibu.2000@gmail.com and phone 8833777002: [400] during [GET] to [http://localhost:8080/hotelBooking/reservationsByGuest?email=annashibu.2000%40gmail.com&phone=8833777002] [HotelReservationClient#getReservationsByGuest(String,String)]: [{"status":"BAD_REQUEST","message":"Invalid request parameters","details":"Check the provided input values","timestamp":"2025-04-24T16:55:29.0938135","errorCode":"ARGUMENT_001"}]
feign.FeignException$BadRequest: [400] during [GET] to [http://localhost:8080/hotelBooking/reservationsByGuest?email=annashibu.2000%40gmail.com&phone=8833777002] [HotelReservationClient#getReservationsByGuest(String,String)]: [{"status":"BAD_REQUEST","message":"Invalid request parameters","details":"Check the provided input values","timestamp":"2025-04-24T16:55:29.0938135","errorCode":"ARGUMENT_001"}]
	at feign.FeignException.clientErrorStatus(FeignException.java:243) ~[feign-core-13.5.jar:?]
	at feign.FeignException.errorStatus(FeignException.java:223) ~[feign-core-13.5.jar:?]
	at feign.FeignException.errorStatus(FeignException.java:213) ~[feign-core-13.5.jar:?]
	at feign.codec.ErrorDecoder$Default.decode(ErrorDecoder.java:103) ~[feign-core-13.5.jar:?]
	at feign.InvocationContext.decodeError(InvocationContext.java:133) ~[feign-core-13.5.jar:?]
	at feign.InvocationContext.proceed(InvocationContext.java:80) ~[feign-core-13.5.jar:?]
	at feign.ResponseHandler.handleResponse(ResponseHandler.java:69) ~[feign-core-13.5.jar:?]
	at feign.SynchronousMethodHandler.executeAndDecode(SynchronousMethodHandler.java:109) ~[feign-core-13.5.jar:?]
	at feign.SynchronousMethodHandler.invoke(SynchronousMethodHandler.java:53) ~[feign-core-13.5.jar:?]
	at feign.ReflectiveFeign$FeignInvocationHandler.invoke(ReflectiveFeign.java:104) ~[feign-core-13.5.jar:?]
	at jdk.proxy6/jdk.proxy6.$Proxy163.getReservationsByGuest(Unknown Source) ~[?:?]
	at com.ibsplc.hotelapp.controller.HotelappController.getReservationsByGuest(HotelappController.java:182) [classes/:?]
	at com.ibsplc.hotelapp.controller.HotelChatController.chat(HotelChatController.java:125) [classes/:?]
	at java.base/jdk.internal.reflect.NativeMethodAccessorImpl.invoke0(Native Method) ~[?:?]
	at java.base/jdk.internal.reflect.NativeMethodAccessorImpl.invoke(NativeMethodAccessorImpl.java:77) ~[?:?]
	at java.base/jdk.internal.reflect.DelegatingMethodAccessorImpl.invoke(DelegatingMethodAccessorImpl.java:43) ~[?:?]
	at java.base/java.lang.reflect.Method.invoke(Method.java:568) ~[?:?]
	at org.springframework.web.method.support.InvocableHandlerMethod.doInvoke(InvocableHandlerMethod.java:257) [spring-web-6.2.3.jar:6.2.3]
	at org.springframework.web.method.support.InvocableHandlerMethod.invokeForRequest(InvocableHandlerMethod.java:190) [spring-web-6.2.3.jar:6.2.3]
	at org.springframework.web.servlet.mvc.method.annotation.ServletInvocableHandlerMethod.invokeAndHandle(ServletInvocableHandlerMethod.java:118) [spring-webmvc-6.2.3.jar:6.2.3]
	at org.springframework.web.servlet.mvc.method.annotation.RequestMappingHandlerAdapter.invokeHandlerMethod(RequestMappingHandlerAdapter.java:986) [spring-webmvc-6.2.3.jar:6.2.3]
	at org.springframework.web.servlet.mvc.method.annotation.RequestMappingHandlerAdapter.handleInternal(RequestMappingHandlerAdapter.java:891) [spring-webmvc-6.2.3.jar:6.2.3]
	at org.springframework.web.servlet.mvc.method.AbstractHandlerMethodAdapter.handle(AbstractHandlerMethodAdapter.java:87) [spring-webmvc-6.2.3.jar:6.2.3]
	at org.springframework.web.servlet.DispatcherServlet.doDispatch(DispatcherServlet.java:1088) [spring-webmvc-6.2.3.jar:6.2.3]
	at org.springframework.web.servlet.DispatcherServlet.doService(DispatcherServlet.java:978) [spring-webmvc-6.2.3.jar:6.2.3]
	at org.springframework.web.servlet.FrameworkServlet.processRequest(FrameworkServlet.java:1014) [spring-webmvc-6.2.3.jar:6.2.3]
	at org.springframework.web.servlet.FrameworkServlet.doPost(FrameworkServlet.java:914) [spring-webmvc-6.2.3.jar:6.2.3]
	at jakarta.servlet.http.HttpServlet.service(HttpServlet.java:590) [tomcat-embed-core-10.1.36.jar:6.0]
	at org.springframework.web.servlet.FrameworkServlet.service(FrameworkServlet.java:885) [spring-webmvc-6.2.3.jar:6.2.3]
	at jakarta.servlet.http.HttpServlet.service(HttpServlet.java:658) [tomcat-embed-core-10.1.36.jar:6.0]
	at org.apache.catalina.core.ApplicationFilterChain.internalDoFilter(ApplicationFilterChain.java:195) [tomcat-embed-core-10.1.36.jar:10.1.36]
	at org.apache.catalina.core.ApplicationFilterChain.doFilter(ApplicationFilterChain.java:140) [tomcat-embed-core-10.1.36.jar:10.1.36]
	at org.apache.tomcat.websocket.server.WsFilter.doFilter(WsFilter.java:51) [tomcat-embed-websocket-10.1.36.jar:10.1.36]
	at org.apache.catalina.core.ApplicationFilterChain.internalDoFilter(ApplicationFilterChain.java:164) [tomcat-embed-core-10.1.36.jar:10.1.36]
	at org.apache.catalina.core.ApplicationFilterChain.doFilter(ApplicationFilterChain.java:140) [tomcat-embed-core-10.1.36.jar:10.1.36]
	at org.springframework.web.filter.RequestContextFilter.doFilterInternal(RequestContextFilter.java:100) [spring-web-6.2.3.jar:6.2.3]
	at org.springframework.web.filter.OncePerRequestFilter.doFilter(OncePerRequestFilter.java:116) [spring-web-6.2.3.jar:6.2.3]
	at org.apache.catalina.core.ApplicationFilterChain.internalDoFilter(ApplicationFilterChain.java:164) [tomcat-embed-core-10.1.36.jar:10.1.36]
	at org.apache.catalina.core.ApplicationFilterChain.doFilter(ApplicationFilterChain.java:140) [tomcat-embed-core-10.1.36.jar:10.1.36]
	at org.springframework.web.filter.FormContentFilter.doFilterInternal(FormContentFilter.java:93) [spring-web-6.2.3.jar:6.2.3]
	at org.springframework.web.filter.OncePerRequestFilter.doFilter(OncePerRequestFilter.java:116) [spring-web-6.2.3.jar:6.2.3]
	at org.apache.catalina.core.ApplicationFilterChain.internalDoFilter(ApplicationFilterChain.java:164) [tomcat-embed-core-10.1.36.jar:10.1.36]
	at org.apache.catalina.core.ApplicationFilterChain.doFilter(ApplicationFilterChain.java:140) [tomcat-embed-core-10.1.36.jar:10.1.36]
	at org.springframework.web.filter.CharacterEncodingFilter.doFilterInternal(CharacterEncodingFilter.java:201) [spring-web-6.2.3.jar:6.2.3]
	at org.springframework.web.filter.OncePerRequestFilter.doFilter(OncePerRequestFilter.java:116) [spring-web-6.2.3.jar:6.2.3]
	at org.apache.catalina.core.ApplicationFilterChain.internalDoFilter(ApplicationFilterChain.java:164) [tomcat-embed-core-10.1.36.jar:10.1.36]
	at org.apache.catalina.core.ApplicationFilterChain.doFilter(ApplicationFilterChain.java:140) [tomcat-embed-core-10.1.36.jar:10.1.36]
	at org.apache.catalina.core.StandardWrapperValve.invoke(StandardWrapperValve.java:167) [tomcat-embed-core-10.1.36.jar:10.1.36]
	at org.apache.catalina.core.StandardContextValve.invoke(StandardContextValve.java:90) [tomcat-embed-core-10.1.36.jar:10.1.36]
	at org.apache.catalina.authenticator.AuthenticatorBase.invoke(AuthenticatorBase.java:483) [tomcat-embed-core-10.1.36.jar:10.1.36]
	at org.apache.catalina.core.StandardHostValve.invoke(StandardHostValve.java:115) [tomcat-embed-core-10.1.36.jar:10.1.36]
	at org.apache.catalina.valves.ErrorReportValve.invoke(ErrorReportValve.java:93) [tomcat-embed-core-10.1.36.jar:10.1.36]
	at org.apache.catalina.core.StandardEngineValve.invoke(StandardEngineValve.java:74) [tomcat-embed-core-10.1.36.jar:10.1.36]
	at org.apache.catalina.connector.CoyoteAdapter.service(CoyoteAdapter.java:344) [tomcat-embed-core-10.1.36.jar:10.1.36]
	at org.apache.coyote.http11.Http11Processor.service(Http11Processor.java:397) [tomcat-embed-core-10.1.36.jar:10.1.36]
	at org.apache.coyote.AbstractProcessorLight.process(AbstractProcessorLight.java:63) [tomcat-embed-core-10.1.36.jar:10.1.36]
	at org.apache.coyote.AbstractProtocol$ConnectionHandler.process(AbstractProtocol.java:905) [tomcat-embed-core-10.1.36.jar:10.1.36]
	at org.apache.tomcat.util.net.NioEndpoint$SocketProcessor.doRun(NioEndpoint.java:1743) [tomcat-embed-core-10.1.36.jar:10.1.36]
	at org.apache.tomcat.util.net.SocketProcessorBase.run(SocketProcessorBase.java:52) [tomcat-embed-core-10.1.36.jar:10.1.36]
	at org.apache.tomcat.util.threads.ThreadPoolExecutor.runWorker(ThreadPoolExecutor.java:1190) [tomcat-embed-core-10.1.36.jar:10.1.36]
	at org.apache.tomcat.util.threads.ThreadPoolExecutor$Worker.run(ThreadPoolExecutor.java:659) [tomcat-embed-core-10.1.36.jar:10.1.36]
	at org.apache.tomcat.util.threads.TaskThread$WrappingRunnable.run(TaskThread.java:63) [tomcat-embed-core-10.1.36.jar:10.1.36]
	at java.base/java.lang.Thread.run(Thread.java:833) [?:?]
time:2025-04-24 16:55:29.098	severity:ERROR	span:[,,]	pid: 	thread:[nio-8083-exec-1]	class:HotelChatController                     	host:localhost	message:Error retrieving reservations for email annashibu.2000@gmail.com and phone 8833777002: 503 SERVICE_UNAVAILABLE "Reservation service is unavailable."
org.springframework.web.server.ResponseStatusException: 503 SERVICE_UNAVAILABLE "Reservation service is unavailable."
	at com.ibsplc.hotelapp.controller.HotelappController.getReservationsByGuest(HotelappController.java:187) ~[classes/:?]
	at com.ibsplc.hotelapp.controller.HotelChatController.chat(HotelChatController.java:125) [classes/:?]
	at java.base/jdk.internal.reflect.NativeMethodAccessorImpl.invoke0(Native Method) ~[?:?]
	at java.base/jdk.internal.reflect.NativeMethodAccessorImpl.invoke(NativeMethodAccessorImpl.java:77) ~[?:?]
	at java.base/jdk.internal.reflect.DelegatingMethodAccessorImpl.invoke(DelegatingMethodAccessorImpl.java:43) ~[?:?]
	at java.base/java.lang.reflect.Method.invoke(Method.java:568) ~[?:?]
	at org.springframework.web.method.support.InvocableHandlerMethod.doInvoke(InvocableHandlerMethod.java:257) [spring-web-6.2.3.jar:6.2.3]
	at org.springframework.web.method.support.InvocableHandlerMethod.invokeForRequest(InvocableHandlerMethod.java:190) [spring-web-6.2.3.jar:6.2.3]
	at org.springframework.web.servlet.mvc.method.annotation.ServletInvocableHandlerMethod.invokeAndHandle(ServletInvocableHandlerMethod.java:118) [spring-webmvc-6.2.3.jar:6.2.3]
	at org.springframework.web.servlet.mvc.method.annotation.RequestMappingHandlerAdapter.invokeHandlerMethod(RequestMappingHandlerAdapter.java:986) [spring-webmvc-6.2.3.jar:6.2.3]
	at org.springframework.web.servlet.mvc.method.annotation.RequestMappingHandlerAdapter.handleInternal(RequestMappingHandlerAdapter.java:891) [spring-webmvc-6.2.3.jar:6.2.3]
	at org.springframework.web.servlet.mvc.method.AbstractHandlerMethodAdapter.handle(AbstractHandlerMethodAdapter.java:87) [spring-webmvc-6.2.3.jar:6.2.3]
	at org.springframework.web.servlet.DispatcherServlet.doDispatch(DispatcherServlet.java:1088) [spring-webmvc-6.2.3.jar:6.2.3]
	at org.springframework.web.servlet.DispatcherServlet.doService(DispatcherServlet.java:978) [spring-webmvc-6.2.3.jar:6.2.3]
	at org.springframework.web.servlet.FrameworkServlet.processRequest(FrameworkServlet.java:1014) [spring-webmvc-6.2.3.jar:6.2.3]
	at org.springframework.web.servlet.FrameworkServlet.doPost(FrameworkServlet.java:914) [spring-webmvc-6.2.3.jar:6.2.3]
	at jakarta.servlet.http.HttpServlet.service(HttpServlet.java:590) [tomcat-embed-core-10.1.36.jar:6.0]
	at org.springframework.web.servlet.FrameworkServlet.service(FrameworkServlet.java:885) [spring-webmvc-6.2.3.jar:6.2.3]
	at jakarta.servlet.http.HttpServlet.service(HttpServlet.java:658) [tomcat-embed-core-10.1.36.jar:6.0]
	at org.apache.catalina.core.ApplicationFilterChain.internalDoFilter(ApplicationFilterChain.java:195) [tomcat-embed-core-10.1.36.jar:10.1.36]
	at org.apache.catalina.core.ApplicationFilterChain.doFilter(ApplicationFilterChain.java:140) [tomcat-embed-core-10.1.36.jar:10.1.36]
	at org.apache.tomcat.websocket.server.WsFilter.doFilter(WsFilter.java:51) [tomcat-embed-websocket-10.1.36.jar:10.1.36]
	at org.apache.catalina.core.ApplicationFilterChain.internalDoFilter(ApplicationFilterChain.java:164) [tomcat-embed-core-10.1.36.jar:10.1.36]
	at org.apache.catalina.core.ApplicationFilterChain.doFilter(ApplicationFilterChain.java:140) [tomcat-embed-core-10.1.36.jar:10.1.36]
	at org.springframework.web.filter.RequestContextFilter.doFilterInternal(RequestContextFilter.java:100) [spring-web-6.2.3.jar:6.2.3]
	at org.springframework.web.filter.OncePerRequestFilter.doFilter(OncePerRequestFilter.java:116) [spring-web-6.2.3.jar:6.2.3]
	at org.apache.catalina.core.ApplicationFilterChain.internalDoFilter(ApplicationFilterChain.java:164) [tomcat-embed-core-10.1.36.jar:10.1.36]
	at org.apache.catalina.core.ApplicationFilterChain.doFilter(ApplicationFilterChain.java:140) [tomcat-embed-core-10.1.36.jar:10.1.36]
	at org.springframework.web.filter.FormContentFilter.doFilterInternal(FormContentFilter.java:93) [spring-web-6.2.3.jar:6.2.3]
	at org.springframework.web.filter.OncePerRequestFilter.doFilter(OncePerRequestFilter.java:116) [spring-web-6.2.3.jar:6.2.3]
	at org.apache.catalina.core.ApplicationFilterChain.internalDoFilter(ApplicationFilterChain.java:164) [tomcat-embed-core-10.1.36.jar:10.1.36]
	at org.apache.catalina.core.ApplicationFilterChain.doFilter(ApplicationFilterChain.java:140) [tomcat-embed-core-10.1.36.jar:10.1.36]
	at org.springframework.web.filter.CharacterEncodingFilter.doFilterInternal(CharacterEncodingFilter.java:201) [spring-web-6.2.3.jar:6.2.3]
	at org.springframework.web.filter.OncePerRequestFilter.doFilter(OncePerRequestFilter.java:116) [spring-web-6.2.3.jar:6.2.3]
	at org.apache.catalina.core.ApplicationFilterChain.internalDoFilter(ApplicationFilterChain.java:164) [tomcat-embed-core-10.1.36.jar:10.1.36]
	at org.apache.catalina.core.ApplicationFilterChain.doFilter(ApplicationFilterChain.java:140) [tomcat-embed-core-10.1.36.jar:10.1.36]
	at org.apache.catalina.core.StandardWrapperValve.invoke(StandardWrapperValve.java:167) [tomcat-embed-core-10.1.36.jar:10.1.36]
	at org.apache.catalina.core.StandardContextValve.invoke(StandardContextValve.java:90) [tomcat-embed-core-10.1.36.jar:10.1.36]
	at org.apache.catalina.authenticator.AuthenticatorBase.invoke(AuthenticatorBase.java:483) [tomcat-embed-core-10.1.36.jar:10.1.36]
	at org.apache.catalina.core.StandardHostValve.invoke(StandardHostValve.java:115) [tomcat-embed-core-10.1.36.jar:10.1.36]
	at org.apache.catalina.valves.ErrorReportValve.invoke(ErrorReportValve.java:93) [tomcat-embed-core-10.1.36.jar:10.1.36]
	at org.apache.catalina.core.StandardEngineValve.invoke(StandardEngineValve.java:74) [tomcat-embed-core-10.1.36.jar:10.1.36]
	at org.apache.catalina.connector.CoyoteAdapter.service(CoyoteAdapter.java:344) [tomcat-embed-core-10.1.36.jar:10.1.36]
	at org.apache.coyote.http11.Http11Processor.service(Http11Processor.java:397) [tomcat-embed-core-10.1.36.jar:10.1.36]
	at org.apache.coyote.AbstractProcessorLight.process(AbstractProcessorLight.java:63) [tomcat-embed-core-10.1.36.jar:10.1.36]
	at org.apache.coyote.AbstractProtocol$ConnectionHandler.process(AbstractProtocol.java:905) [tomcat-embed-core-10.1.36.jar:10.1.36]
	at org.apache.tomcat.util.net.NioEndpoint$SocketProcessor.doRun(NioEndpoint.java:1743) [tomcat-embed-core-10.1.36.jar:10.1.36]
	at org.apache.tomcat.util.net.SocketProcessorBase.run(SocketProcessorBase.java:52) [tomcat-embed-core-10.1.36.jar:10.1.36]
	at org.apache.tomcat.util.threads.ThreadPoolExecutor.runWorker(ThreadPoolExecutor.java:1190) [tomcat-embed-core-10.1.36.jar:10.1.36]
	at org.apache.tomcat.util.threads.ThreadPoolExecutor$Worker.run(ThreadPoolExecutor.java:659) [tomcat-embed-core-10.1.36.jar:10.1.36]
	at org.apache.tomcat.util.threads.TaskThread$WrappingRunnable.run(TaskThread.java:63) [tomcat-embed-core-10.1.36.jar:10.1.36]
	at java.base/java.lang.Thread.run(Thread.java:833) [?:?]
time:2025-04-24 17:00:31.230	severity:INFO 	span:[,,]	pid: 	thread:[n(42)-127.0.0.1]	class:HikariDataSource                        	host:localhost	message:HikariPool-3 - Shutdown initiated...
time:2025-04-24 17:00:31.233	severity:INFO 	span:[,,]	pid: 	thread:[n(42)-127.0.0.1]	class:HikariDataSource                        	host:localhost	message:HikariPool-3 - Shutdown completed.
